<?xml version="1.0" encoding="UTF-8"?>
<!-- Generated by org.testng.reporters.JUnitReportReporter -->
<testsuite skipped="0" hostname="vinoth" name="RemoveTheChar" tests="1" failures="0" timestamp="24 Sep 2022 13:51:07 GMT" time="0.008" errors="0">
  <testcase name="Remove" time="0.008" classname="RemoveTheChar"/>
</testsuite> <!-- RemoveTheChar -->
