<?xml version="1.0" encoding="UTF-8"?>
<!-- Generated by org.testng.reporters.JUnitReportReporter -->
<testsuite skipped="0" hostname="vinoth" name="AutoSuggessionSelect" tests="1" failures="0" timestamp="24 Sep 2022 16:40:06 GMT" time="6.241" errors="0">
  <testcase name="LinkPrint" time="6.241" classname="AutoSuggessionSelect"/>
</testsuite> <!-- AutoSuggessionSelect -->
