<?xml version="1.0" encoding="UTF-8"?>
<!-- Generated by org.testng.reporters.JUnitReportReporter -->
<testsuite skipped="0" hostname="vinoth" name="Filter" tests="1" failures="0" timestamp="24 Sep 2022 13:59:08 GMT" time="0.009" errors="0">
  <testcase name="main" time="0.009" classname="Filter"/>
</testsuite> <!-- Filter -->
